Arguments: 
  C:\Program Files\nodejs\node.exe C:\Users\danie\AppData\Roaming\npm\node_modules\yarn\bin\yarn.js typeorm migration:run -d src/database/index.ts

PATH: 
  C:\Program Files (x86)\Embarcadero\Studio\21.0\bin;C:\Users\Public\Documents\Embarcadero\Studio\21.0\Bpl;C:\Program Files (x86)\Embarcadero\Studio\21.0\bin64;C:\Users\Public\Documents\Embarcadero\Studio\21.0\Bpl\Win64;C:\Program Files (x86)\Falcon\MinGW\bin;C:\Program Files\Common Files\Oracle\Java\javapath;C:\Windows\system32;C:\Windows;C:\Windows\System32\Wbem;C:\Windows\System32\WindowsPowerShell\v1.0\;C:\Windows\System32\OpenSSH\;C:\Program Files\Git\cmd;C:\Flutter\flutter\bin;C:\ProgramData\chocolatey\bin;C:\Users\danie\AppData\Local\Android\Sdk\emulator;C:\Users\danie\AppData\Local\Android\Sdk\tools;C:\Users\danie\AppData\Local\Android\Sdk\tools\bin;C:\Users\danie\AppData\Local\Android\Sdk\platform-tools;C:\Users\danie\AppData\Local\Yarn\bin;C:\Program Files\OpenJDK\openjdk-11.0.11_9\bin;C:\Program Files\nodejs\;C:\MinGW\bin;C:\Program Files (x86)\Windows Kits\10\Windows Performance Toolkit\;C:\Program Files\Docker\Docker\resources\bin;C:\ProgramData\DockerDesktop\version-bin;C:\Program Files\MySQL\MySQL Shell 8.0\bin\;C:\Users\danie\AppData\Local\Microsoft\WindowsApps;C:\Users\danie\AppData\Local\Programs\Microsoft VS Code\bin;C:\src\flutter\bin;C:\Users\danie\AppData\Roaming\npm

Yarn version: 
  1.22.18

Node version: 
  14.17.3

Platform: 
  win32 x64

Trace: 
  Invariant Violation: Script must exist
      at invariant (C:\Users\danie\AppData\Roaming\npm\node_modules\yarn\lib\cli.js:2314:15)
      at C:\Users\danie\AppData\Roaming\npm\node_modules\yarn\lib\cli.js:61537:11
      at Generator.next (<anonymous>)
      at step (C:\Users\danie\AppData\Roaming\npm\node_modules\yarn\lib\cli.js:310:30)
      at C:\Users\danie\AppData\Roaming\npm\node_modules\yarn\lib\cli.js:328:14
      at new Promise (<anonymous>)
      at new F (C:\Users\danie\AppData\Roaming\npm\node_modules\yarn\lib\cli.js:5301:28)
      at C:\Users\danie\AppData\Roaming\npm\node_modules\yarn\lib\cli.js:307:12
      at realRunCommand (C:\Users\danie\AppData\Roaming\npm\node_modules\yarn\lib\cli.js:61622:23)
      at action.action (C:\Users\danie\AppData\Roaming\npm\node_modules\yarn\lib\cli.js:61683:16)

npm manifest: 
  {
    "name": "home_schooling_backend",
    "version": "1.0.0",
    "description": "",
    "main": "index.js",
    "scripts": {
      "build": "babel src --extensions \".js,.ts\" --out-dir dist --copy-files",
      "dev": "ts-node-dev --poll --inspect --transpile-only --ignore-watch node_modules --respawn src/server.ts",
      "typeorm": ""
    },
    "engines": {
      "node": ">=14"
    },
    "keywords": [],
    "author": "",
    "license": "ISC",
    "dependencies": {
      "cors": "^2.8.5",
      "express": "^4.18.1",
      "pg": "^8.5.1",
      "reflect-metadata": "^0.1.13",
      "tsyringe": "^4.7.0",
      "typeorm": "^0.3.5",
      "uuid": "^8.3.2"
    },
    "devDependencies": {
      "@babel/cli": "^7.18.10",
      "@babel/core": "^7.19.0",
      "@babel/node": "^7.18.10",
      "@babel/plugin-proposal-class-properties": "^7.18.6",
      "@babel/plugin-proposal-decorators": "^7.19.0",
      "@babel/preset-env": "^7.19.0",
      "@babel/preset-typescript": "^7.18.6",
      "@types/cors": "^2.8.12",
      "@types/express": "^4.17.13",
      "@types/uuid": "^8.3.4",
      "babel-plugin-module-resolver": "^4.1.0",
      "babel-plugin-transform-typescript-metadata": "^0.3.2",
      "ts-node-dev": "^2.0.0",
      "typescript": "^4.8.2"
    }
  }

yarn manifest: 
  No manifest

Lockfile: 
  No lockfile
